0 verbose cli /data/data/com.termux/files/usr/bin/node /data/data/com.termux/files/usr/lib/node_modules/npm/bin/npm-cli.js
1 info using npm@11.17.0
2 info using node@v26.3.1
3 silly config load:file:/data/data/com.termux/files/usr/lib/node_modules/npm/npmrc
4 silly config load:file:/data/data/com.termux/files/home/.npmrc
5 silly config load:file:/data/data/com.termux/files/usr/etc/npmrc
6 verbose title npm exec skills add celobuilders.xyz
7 verbose argv "exec" "--" "skills" "add" "celobuilders.xyz"
8 verbose logfile logs-max:10 dir:/data/data/com.termux/files/home/.npm/_logs/2026-07-12T14_07_56_319Z-
9 verbose logfile /data/data/com.termux/files/home/.npm/_logs/2026-07-12T14_07_56_319Z-debug-0.log
10 silly logfile done cleaning log files
11 silly packumentCache heap:1174405120 maxSize:293601280 maxEntrySize:146800640
12 http fetch GET 200 https://registry.npmjs.org/skills 1005ms (cache miss)
13 silly packumentCache heap:1174405120 maxSize:293601280 maxEntrySize:146800640
14 http fetch GET 200 https://registry.npmjs.org/npm 1399ms
15 silly packumentCache heap:1174405120 maxSize:293601280 maxEntrySize:146800640
16 silly idealTree buildDeps
17 silly fetch manifest skills@1.5.16
18 silly packumentCache full:https://registry.npmjs.org/skills cache-miss
19 http fetch GET 200 https://registry.npmjs.org/skills 260ms (cache miss)
20 silly packumentCache full:https://registry.npmjs.org/skills set size:undefined disposed:false
21 silly placeDep ROOT skills@1.5.16 OK for:  want: 1.5.16
22 silly fetch manifest yaml@^2.8.3
23 silly packumentCache full:https://registry.npmjs.org/yaml cache-miss
24 http fetch GET 200 https://registry.npmjs.org/yaml 236ms (cache miss)
25 silly packumentCache full:https://registry.npmjs.org/yaml set size:undefined disposed:false
26 silly placeDep ROOT yaml@2.9.0 OK for: skills@1.5.16 want: ^2.8.3
27 silly reify moves {}
28 silly audit bulk request { skills: [ '1.5.16' ], yaml: [ '2.9.0' ] }
29 http cache yaml@https://registry.npmjs.org/yaml/-/yaml-2.9.0.tgz 1ms (cache hit)
30 http cache skills@https://registry.npmjs.org/skills/-/skills-1.5.16.tgz 0ms (cache hit)
31 silly tarball no local data for yaml@https://registry.npmjs.org/yaml/-/yaml-2.9.0.tgz. Extracting by manifest.
32 silly tarball no local data for skills@https://registry.npmjs.org/skills/-/skills-1.5.16.tgz. Extracting by manifest.
33 http fetch POST 200 https://registry.npmjs.org/-/npm/v1/security/advisories/bulk 366ms
34 silly audit report {}
35 http fetch GET 200 https://registry.npmjs.org/yaml/-/yaml-2.9.0.tgz 594ms (cache miss)
36 http fetch GET 200 https://registry.npmjs.org/skills/-/skills-1.5.16.tgz 1105ms (cache miss)
37 verbose cwd /data/data/com.termux/files/home
38 verbose os Linux 4.14.186-ge865967b862b-dirty
39 verbose node v26.3.1
40 verbose npm  v11.17.0
41 notice
41 notice New [31mmajor[39m version of npm available! [31m11.17.0[39m -> [34m12.0.1[39m
41 notice Changelog: [34mhttps://github.com/npm/cli/releases/tag/v12.0.1[39m
41 notice To update run: [4mnpm install -g npm@12.0.1[24m
41 notice  { force: true, Symbol(proc-log.meta): true }
42 verbose exit 1
43 verbose code 1
