0 verbose cli /data/data/com.termux/files/usr/bin/node /data/data/com.termux/files/usr/lib/node_modules/npm/bin/npm-cli.js
1 info using npm@11.17.0
2 info using node@v26.3.1
3 silly config load:file:/data/data/com.termux/files/usr/lib/node_modules/npm/npmrc
4 silly config load:file:/data/data/com.termux/files/home/.npmrc
5 silly config load:file:/data/data/com.termux/files/usr/etc/npmrc
6 verbose title npm exec skills add celobuilders.xyz
7 verbose argv "exec" "--" "skills" "add" "celobuilders.xyz"
8 verbose logfile logs-max:10 dir:/data/data/com.termux/files/home/.npm/_logs/2026-07-12T14_12_06_019Z-
9 verbose logfile /data/data/com.termux/files/home/.npm/_logs/2026-07-12T14_12_06_019Z-debug-0.log
10 silly logfile done cleaning log files
11 silly packumentCache heap:1174405120 maxSize:293601280 maxEntrySize:146800640
12 http fetch GET 200 https://registry.npmjs.org/skills 1120ms (cache revalidated)
13 silly packumentCache heap:1174405120 maxSize:293601280 maxEntrySize:146800640
14 silly packumentCache heap:1174405120 maxSize:293601280 maxEntrySize:146800640
15 verbose cwd /data/data/com.termux/files/home
16 verbose os Linux 4.14.186-ge865967b862b-dirty
17 verbose node v26.3.1
18 verbose npm  v11.17.0
19 verbose exit 1
20 verbose code 1
